<?xml version="1.0" encoding="utf-8"?><testsuites name="pytest tests"><testsuite name="pytest" errors="0" failures="0" skipped="13" tests="97" time="7.760" timestamp="2026-09-11T01:49:07.590657+08:00" hostname="DESKTOP-8RI2J69"><testcase classname="code.tests.test_cross_response_math" name="test_centering_completion_and_non_disentangled_additive_counterexample" time="0.009" /><testcase classname="code.tests.test_cross_response_math" name="test_shared_predictor_algebra_and_gradients[additive]" time="0.028" /><testcase classname="code.tests.test_cross_response_math" name="test_shared_predictor_algebra_and_gradients[bilinear]" time="0.008" /><testcase classname="code.tests.test_cross_response_math" name="test_response_target_detach_and_na" time="0.001" /><testcase classname="code.tests.test_cross_response_math" name="test_interaction_reweight_default_and_explicit_control" time="0.002" /><testcase classname="code.tests.test_cross_response_math" name="test_readout_donor_exclusion_detach_and_reuse" time="0.008" /><testcase classname="code.tests.test_cross_response_math" name="test_fft_zero_tone_and_per_record_targets" time="0.003" /><testcase classname="code.tests.test_cross_response_math" name="test_autocorrelation_covariance_and_event_metadata" time="0.002" /><testcase classname="code.tests.test_cross_response_math" name="test_source_normalization_freezes_and_restores" time="0.001" /><testcase classname="code.tests.test_cross_response_math" name="test_decision_robust_equal_rx_median_single_sided_and_detach" time="0.004" /><testcase classname="code.tests.test_cross_response_math" name="test_decision_excludes_duplicates_wrong_condition_and_bad_refs" time="0.001" /><testcase classname="code.tests.test_cross_response_matrix" name="test_matrix_actual_switches_and_independent_outputs" time="0.033" /><testcase classname="code.tests.test_cross_response_matrix" name="test_rejects_protocol_drift[from_scratch-False]" time="0.001" /><testcase classname="code.tests.test_cross_response_matrix" name="test_rejects_protocol_drift[baseline_ckpt-old.pth]" time="0.001" /><testcase classname="code.tests.test_cross_response_matrix" name="test_rejects_protocol_drift[labeled_ratio-0.1]" time="0.001" /><testcase classname="code.tests.test_cross_response_matrix" name="test_rejects_protocol_drift[best_metric-joint_safe]" time="0.001" /><testcase classname="code.tests.test_cross_response_matrix" name="test_rejects_protocol_drift[epochs-201]" time="0.001" /><testcase classname="code.tests.test_cross_response_matrix" name="test_rejects_protocol_drift[checkpoint_selection-best]" time="0.001" /><testcase classname="code.tests.test_cross_response_matrix" name="test_rejects_protocol_drift[phase2_export_checkpoint-old.pth]" time="0.001" /><testcase classname="code.tests.test_cross_response_matrix" name="test_requires_explicit_disjoint_physical_roles" time="0.000" /><testcase classname="code.tests.test_cross_response_matrix" name="test_unknown_variant_key_and_confounded_head_only_are_rejected" time="0.001" /><testcase classname="code.tests.test_cross_response_matrix" name="test_every_row_parses_in_actual_training_entrypoint" time="0.166" /><testcase classname="code.tests.test_cross_response_matrix" name="test_historical_adapter_preserves_loss_gradient_and_single_update[proxy_unknown_energy_loss]" time="2.132" /><testcase classname="code.tests.test_cross_response_matrix" name="test_historical_adapter_preserves_loss_gradient_and_single_update[source_episode_three_sigma_loss]" time="0.050" /><testcase classname="code.tests.test_cross_response_matrix" name="test_historical_adapter_rejects_activated_later_mechanisms_and_unknowns" time="0.002" /><testcase classname="code.tests.test_cross_response_matrix" name="test_historical_prototype_loss_and_resume_state_match" time="0.021" /><testcase classname="code.tests.test_cross_response_sampling" name="test_complete_and_missing_cells_unique_k" time="0.003" /><testcase classname="code.tests.test_cross_response_sampling" name="test_day_cannot_be_second_rx_and_conditions_separate" time="0.002" /><testcase classname="code.tests.test_cross_response_sampling" name="test_dataset_adapter_rejects_hidden_and_keeps_rx" time="0.001" /><testcase classname="code.tests.test_cross_response_sampling" name="test_rotation_directed_coverage_and_failed_step" time="0.007" /><testcase classname="code.tests.test_cross_response_sampling" name="test_resume_determinism_including_pending_feedback" time="0.043" /><testcase classname="code.tests.test_cross_response_sampling" name="test_noisy_high_error_cannot_monopolize_and_budget" time="0.001" /><testcase classname="code.tests.test_cross_response_sampling" name="test_worker_ticket_roundtrip_mask_and_no_query_to_donor" time="0.011" /><testcase classname="code.tests.test_cross_response_sampling" name="test_bounded_candidate_search_is_reported" time="0.001" /><testcase classname="code.tests.test_cross_response_sampling" name="test_fixed_roles_and_resume_contract" time="0.005" /><testcase classname="code.tests.test_cross_response_sampling" name="test_real_events_are_disjoint_or_fallback_without_fake_events" time="0.002" /><testcase classname="code.tests.test_cross_response_sampling" name="test_k2_k3_execute_with_fixed_record_and_view_budget" time="0.027" /><testcase classname="code.tests.test_cross_response_source_eval" name="test_source_eval_bounded_deterministic_raw_targets_restore_flags_rng" time="0.081" /><testcase classname="code.tests.test_cross_response_source_eval" name="test_source_eval_no_target_access_and_failed_state_restoration" time="0.014" /><testcase classname="code.tests.test_cross_response_source_eval" name="test_incomplete_blocks_are_unavailable_not_success_or_zero" time="0.009" /><testcase classname="code.tests.test_cross_response_source_eval" name="test_event_overlap_skips_candidate_without_query_leakage" time="0.011" /><testcase classname="code.tests.test_cross_response_source_eval" name="test_physical_raw_reader_preserves_amplitude_and_fixed_crop" time="0.001" /><testcase classname="code.tests.test_cross_response_source_eval" name="test_paired_joint_effect_no_single_seed_ci_and_real_scenario_cost_completeness" time="0.036" /><testcase classname="code.tests.test_cross_response_training" name="test_response_gradient_isolation_and_baseline_preservation[False-False]" time="0.011" /><testcase classname="code.tests.test_cross_response_training" name="test_response_gradient_isolation_and_baseline_preservation[True-False]" time="0.012" /><testcase classname="code.tests.test_cross_response_training" name="test_response_gradient_isolation_and_baseline_preservation[False-True]" time="0.012" /><testcase classname="code.tests.test_cross_response_training" name="test_gate_rejects_target_and_requires_consecutive_real_source_evidence" time="0.001" /><testcase classname="code.tests.test_cross_response_training" name="test_zero_reference_identity_gradient_cannot_amplify_response" time="0.003" /><testcase classname="code.tests.test_cross_response_training" name="test_actual_mixstyle_never_uses_disallowed_query_even_across_two_layers" time="0.025" /><testcase classname="code.tests.test_cross_response_training" name="test_disabled_forward_is_exact_original_rng_and_gradient" time="0.003" /><testcase classname="code.tests.test_cross_response_review_fixes" name="test_actual_matrix_names_produce_separate_joint_effects" time="0.002" /><testcase classname="code.tests.test_cross_response_review_fixes" name="test_resume_binds_identical_local_record_ids_to_actual_dataset" time="0.018" /><testcase classname="code.tests.test_cross_response_review_fixes" name="test_unlabeled_contract_is_optional_but_bound_and_role_disjoint" time="0.018" /><testcase classname="code.tests.test_cross_response_review_fixes" name="test_actual_unlabeled_source_receiver_and_day_are_checked[rows0]" time="0.007" /><testcase classname="code.tests.test_cross_response_review_fixes" name="test_actual_unlabeled_source_receiver_and_day_are_checked[rows1]" time="0.004" /><testcase classname="code.tests.test_cross_response_runtime_contract" name="test_optional_targets_reach_runtime_prediction_and_gradients[autocorr-6]" time="0.032" /><testcase classname="code.tests.test_cross_response_runtime_contract" name="test_optional_targets_reach_runtime_prediction_and_gradients[iq-5]" time="0.037" /><testcase classname="code.tests.test_cross_response_runtime_contract" name="test_optional_targets_reach_runtime_prediction_and_gradients[event-6]" time="0.037" /><testcase classname="code.tests.test_cross_response_runtime_contract" name="test_event_target_requires_real_metadata_during_runtime_initialization" time="0.010" /><testcase classname="code.tests.test_cross_response_runtime_contract" name="test_failed_step_cannot_commit_sampler_feedback_or_success_activation[optimizer_skipped]" time="0.032" /><testcase classname="code.tests.test_cross_response_runtime_contract" name="test_failed_step_cannot_commit_sampler_feedback_or_success_activation[nonfinite_gradient]" time="0.030" /><testcase classname="code.tests.test_cross_response_runtime_contract" name="test_nonfinite_feedback_cannot_claim_successful_activation" time="0.029" /><testcase classname="code.tests.test_cross_response_runtime_contract" name="test_enabled_zero_weight_is_rejected[response_enabled-lambda_resp]" time="0.001" /><testcase classname="code.tests.test_cross_response_runtime_contract" name="test_enabled_zero_weight_is_rejected[decision_enabled-lambda_dec]" time="0.001" /><testcase classname="code.tests.test_cross_response_runtime_contract" name="test_enabled_zero_weight_is_rejected[identity_interaction_enabled-lambda_cross]" time="0.001" /><testcase classname="code.tests.test_cross_response_runtime_contract" name="test_unknown_runtime_control_is_not_silently_ignored" time="0.001" /><testcase classname="code.tests.test_cross_response_runtime_contract" name="test_scaled_autograd_survives_fp16_intermediate_underflow" time="0.002" /><testcase classname="code.tests.test_cross_response_runtime_contract" name="test_amp_scale_does_not_change_fp32_routed_norm_or_cap" time="0.003" /><testcase classname="code.tests.test_cross_response_runtime_contract" name="test_legacy_geometry_wrapper_cpu_autocast_exact_loss_and_gradient[proxy_unknown_energy_loss]" time="0.039" /><testcase classname="code.tests.test_cross_response_runtime_contract" name="test_legacy_geometry_wrapper_cpu_autocast_exact_loss_and_gradient[source_episode_three_sigma_loss]" time="0.042" /><testcase classname="code.tests.test_cross_response_runtime_contract" name="test_impossible_joint_gate_configuration_is_rejected[change0]" time="0.002" /><testcase classname="code.tests.test_cross_response_runtime_contract" name="test_impossible_joint_gate_configuration_is_rejected[change1]" time="0.001" /><testcase classname="code.tests.test_cross_response_entrypoint" name="test_synthetic_fixture_has_real_distinct_physical_metadata" time="0.079" /><testcase classname="code.tests.test_cross_response_entrypoint" name="test_real_training_entrypoint_all_variants[U0]" time="0.000"><skipped type="pytest.skip" message="opt-in actual CORE90 CUDA train loop">E:\type10-7\code\snapshots\core90_cross_response_20260911_wt\code\tests\test_cross_response_entrypoint.py:37: opt-in actual CORE90 CUDA train loop</skipped></testcase><testcase classname="code.tests.test_cross_response_entrypoint" name="test_real_training_entrypoint_all_variants[U1]" time="0.000"><skipped type="pytest.skip" message="opt-in actual CORE90 CUDA train loop">E:\type10-7\code\snapshots\core90_cross_response_20260911_wt\code\tests\test_cross_response_entrypoint.py:37: opt-in actual CORE90 CUDA train loop</skipped></testcase><testcase classname="code.tests.test_cross_response_entrypoint" name="test_real_training_entrypoint_all_variants[U2]" time="0.000"><skipped type="pytest.skip" message="opt-in actual CORE90 CUDA train loop">E:\type10-7\code\snapshots\core90_cross_response_20260911_wt\code\tests\test_cross_response_entrypoint.py:37: opt-in actual CORE90 CUDA train loop</skipped></testcase><testcase classname="code.tests.test_cross_response_entrypoint" name="test_real_training_entrypoint_all_variants[U3]" time="0.000"><skipped type="pytest.skip" message="opt-in actual CORE90 CUDA train loop">E:\type10-7\code\snapshots\core90_cross_response_20260911_wt\code\tests\test_cross_response_entrypoint.py:37: opt-in actual CORE90 CUDA train loop</skipped></testcase><testcase classname="code.tests.test_cross_response_entrypoint" name="test_real_training_entrypoint_all_variants[U4_additive]" time="0.000"><skipped type="pytest.skip" message="opt-in actual CORE90 CUDA train loop">E:\type10-7\code\snapshots\core90_cross_response_20260911_wt\code\tests\test_cross_response_entrypoint.py:37: opt-in actual CORE90 CUDA train loop</skipped></testcase><testcase classname="code.tests.test_cross_response_entrypoint" name="test_real_training_entrypoint_all_variants[U4_bilinear]" time="0.000"><skipped type="pytest.skip" message="opt-in actual CORE90 CUDA train loop">E:\type10-7\code\snapshots\core90_cross_response_20260911_wt\code\tests\test_cross_response_entrypoint.py:37: opt-in actual CORE90 CUDA train loop</skipped></testcase><testcase classname="code.tests.test_cross_response_entrypoint" name="test_real_training_entrypoint_all_variants[U5]" time="0.000"><skipped type="pytest.skip" message="opt-in actual CORE90 CUDA train loop">E:\type10-7\code\snapshots\core90_cross_response_20260911_wt\code\tests\test_cross_response_entrypoint.py:37: opt-in actual CORE90 CUDA train loop</skipped></testcase><testcase classname="code.tests.test_cross_response_entrypoint" name="test_real_training_entrypoint_all_variants[Ux]" time="0.000"><skipped type="pytest.skip" message="opt-in actual CORE90 CUDA train loop">E:\type10-7\code\snapshots\core90_cross_response_20260911_wt\code\tests\test_cross_response_entrypoint.py:37: opt-in actual CORE90 CUDA train loop</skipped></testcase><testcase classname="code.tests.test_cross_response_entrypoint" name="test_real_training_entrypoint_all_variants[head_only]" time="0.001"><skipped type="pytest.skip" message="opt-in actual CORE90 CUDA train loop">E:\type10-7\code\snapshots\core90_cross_response_20260911_wt\code\tests\test_cross_response_entrypoint.py:37: opt-in actual CORE90 CUDA train loop</skipped></testcase><testcase classname="code.tests.test_cross_response_entrypoint" name="test_real_training_entrypoint_all_variants[permanent_detach]" time="0.000"><skipped type="pytest.skip" message="opt-in actual CORE90 CUDA train loop">E:\type10-7\code\snapshots\core90_cross_response_20260911_wt\code\tests\test_cross_response_entrypoint.py:37: opt-in actual CORE90 CUDA train loop</skipped></testcase><testcase classname="code.tests.test_cross_response_entrypoint" name="test_real_u5_resume_exact_model_optimizer_auxiliary_and_rng" time="0.001"><skipped type="pytest.skip" message="opt-in actual CORE90 CUDA resume replay">E:\type10-7\code\snapshots\core90_cross_response_20260911_wt\code\tests\test_cross_response_entrypoint.py:51: opt-in actual CORE90 CUDA resume replay</skipped></testcase><testcase classname="code.tests.test_cross_response_entrypoint" name="test_real_u0_package_off_preserves_baseline_losses_gradients_and_state" time="0.000"><skipped type="pytest.skip" message="opt-in actual CORE90 package-off baseline replay">E:\type10-7\code\snapshots\core90_cross_response_20260911_wt\code\tests\test_cross_response_entrypoint.py:64: opt-in actual CORE90 package-off baseline replay</skipped></testcase><testcase classname="code.tests.test_cross_response_final_scoring" name="test_all_four_complete_scenes_precede_first_truth_access" time="0.013" /><testcase classname="code.tests.test_cross_response_final_scoring" name="test_real_training_frozen_evaluation_routes_to_truth_last" time="0.006" /><testcase classname="code.tests.test_cross_response_final_scoring" name="test_incomplete_predictions_rejected_without_truth_access[missing_record]" time="0.011" /><testcase classname="code.tests.test_cross_response_final_scoring" name="test_incomplete_predictions_rejected_without_truth_access[duplicate_record]" time="0.012" /><testcase classname="code.tests.test_cross_response_final_scoring" name="test_incomplete_predictions_rejected_without_truth_access[missing_scene]" time="0.011" /><testcase classname="code.tests.test_cross_response_final_scoring" name="test_incomplete_predictions_rejected_without_truth_access[bad_class_width]" time="0.010" /><testcase classname="code.tests.test_cross_response_final_scoring" name="test_batch_caps_and_duplicate_input_ids_fail_before_model" time="0.003" /><testcase classname="code.tests.test_cross_response_final_scoring" name="test_actual_satellite_transform_path_writes_every_scene" time="0.020" /><testcase classname="code.tests.test_cross_response_final_scoring" name="test_wisig_received_adapter_matches_model_input_and_deduplicates_aliases" time="0.010" /><testcase classname="code.tests.test_cross_response_final_scoring" name="test_real_checkpoint_strict_deployment_output_parity" time="0.000"><skipped type="pytest.skip" message="requires generated real synthetic checkpoint">E:\type10-7\code\snapshots\core90_cross_response_20260911_wt\code\tests\test_cross_response_final_scoring.py:206: requires generated real synthetic checkpoint</skipped></testcase><testcase classname="code.tests.test_exact_ssdg_checkpoint_loading" name="test_exact_loader_uses_checkpoint_args_and_loads_every_tensor" time="0.001" /><testcase classname="code.tests.test_exact_ssdg_checkpoint_loading" name="test_exact_loader_fails_closed_on_missing_parameter" time="0.001" /></testsuite></testsuites>