<?xml version="1.0" encoding="utf-8"?><testsuites name="pytest tests"><testsuite name="pytest" errors="0" failures="1" skipped="0" tests="188" time="147.552" timestamp="2026-09-11T17:22:56.271126+08:00" hostname="DESKTOP-8RI2J69"><testcase classname="code.tests.test_game_tracking_activation" name="test_actual_runtime_catchup_correction_and_curriculum" time="13.335"><failure message="AssertionError: assert ('NORMAL' == 'CATCHUP'&#10;  &#10;  - CATCHUP&#10;  + NORMAL)">tmp_path = WindowsPath('C:/Users/lh594/AppData/Local/Temp/pytest-of-lh594/pytest-7011/test_actual_runtime_catchup_co0')
monkeypatch = &lt;_pytest.monkeypatch.MonkeyPatch object at 0x000002B3544262F0&gt;

    def test_actual_runtime_catchup_correction_and_curriculum(tmp_path,monkeypatch):
        torch.set_num_threads(2)
        args=parse_args(['--output_dir',str(tmp_path/'run'),'--game_synthetic','--epochs','1',
                         '--game_max_steps_per_epoch','3','--batch_size','12','--num_workers','0',
                         '--device','cpu','--game_audit_interval','1','--game_source_calibration_steps','0',
                         '--game_control','both','--game_curriculum','capability','--game_correction_fraction','1',
                         '--game_skip_final_eval'])
        def controlled_audit(model,source,indexes,auditor,args,step,version,*extra):
            return dict(valid=True,step=step,encoder_version=version,G_lag=.4 if step==0 else .01,
                        S_rx=.5,identity=.9 if step&lt;2 else .1,identity_valid=True,margin=.5,consistency=.95,
                        direction_imbalance=.9,gradient_valid=True,elapsed_seconds=.001),{}
        def calibrated(observations,args):
            controller=GameController(ControllerConfig(confirmation_windows=1,cooldown_steps=0,catchup_steps=1,
                             audit_interval=1,sparse_audit_interval=2,max_version_lag=1))
            curriculum=CapabilityCurriculum(CurriculumConfig(confirmation_windows=1,cooldown_steps=0,max_version_lag=1))
            return controller,curriculum
        monkeypatch.setattr(runtime,'audit',controlled_audit)
        monkeypatch.setattr(runtime,'calibrate',calibrated)
        runtime.train(args)
        rows=[json.loads(line) for line in (tmp_path/'run/game_actions.jsonl').read_text().splitlines()]
&gt;       assert rows[0]['action']=='CATCHUP' and rows[0]['committed_head_steps']==1
E       AssertionError: assert ('NORMAL' == 'CATCHUP'
E         
E         - CATCHUP
E         + NORMAL)

code\tests\test_game_tracking_activation.py:34: AssertionError</failure></testcase><testcase classname="code.tests.test_game_tracking_analysis" name="test_missing_artifacts_are_pending_not_zero" time="0.006" /><testcase classname="code.tests.test_game_tracking_analysis" name="test_full_stream_reads_late_rows_and_survives_corrupt_tail" time="0.026" /><testcase classname="code.tests.test_game_tracking_analysis" name="test_actual_activation_failure_and_resource_totals" time="0.013" /><testcase classname="code.tests.test_game_tracking_analysis" name="test_incomplete_counter_does_not_silently_underreport" time="0.014" /><testcase classname="code.tests.test_game_tracking_analysis" name="test_capability_uses_epoch_upper_bound_not_audit_duration" time="0.001" /><testcase classname="code.tests.test_game_tracking_analysis" name="test_pairing_is_same_seed_not_false_compute_matching" time="0.024" /><testcase classname="code.tests.test_game_tracking_analysis" name="test_duplicate_seed_row_rejected_and_duplicate_log_not_complete" time="0.019" /><testcase classname="code.tests.test_game_tracking_analysis" name="test_cli_writes_reviewable_json_markdown_without_overwrite" time="0.028" /><testcase classname="code.tests.test_game_tracking_analysis_v2" name="test_conditional_shared_subset_and_opaque_join" time="0.008" /><testcase classname="code.tests.test_game_tracking_analysis_v2" name="test_truth_not_opened_before_complete_prediction_validation[missing]" time="0.010" /><testcase classname="code.tests.test_game_tracking_analysis_v2" name="test_truth_not_opened_before_complete_prediction_validation[duplicate]" time="0.009" /><testcase classname="code.tests.test_game_tracking_analysis_v2" name="test_truth_not_opened_before_complete_prediction_validation[unclosed]" time="0.010" /><testcase classname="code.tests.test_game_tracking_analysis_v2" name="test_truth_not_opened_before_complete_prediction_validation[wrong_count]" time="0.009" /><testcase classname="code.tests.test_game_tracking_analysis_v2" name="test_truth_not_opened_before_complete_prediction_validation[wrong_ids]" time="0.010" /><testcase classname="code.tests.test_game_tracking_analysis_v2" name="test_truth_not_opened_before_complete_prediction_validation[truth_leak]" time="0.009" /><testcase classname="code.tests.test_game_tracking_analysis_v2" name="test_factorial_is_per_seed_and_does_not_mix_missing_rows" time="0.001" /><testcase classname="code.tests.test_game_tracking_analysis_v2" name="test_native_target_manifest_requires_every_declared_model_closed" time="0.018" /><testcase classname="code.tests.test_game_tracking_analysis_v2" name="test_dense_source_metrics_include_worst_rx_tx_and_histogram" time="0.009" /><testcase classname="code.tests.test_game_tracking_analysis_v2" name="test_failure_diagnostics_do_not_invent_collapse_from_loss" time="0.001" /><testcase classname="code.tests.test_game_tracking_audit_control" name="test_recovery_analytical_and_no_online_or_rng_mutation" time="0.084" /><testcase classname="code.tests.test_game_tracking_audit_control" name="test_group_split_and_overlap_and_unverified" time="0.013" /><testcase classname="code.tests.test_game_tracking_audit_control" name="test_imbalanced_metrics_are_not_chance_accuracy" time="0.001" /><testcase classname="code.tests.test_game_tracking_audit_control" name="test_native_domain_task_is_not_rx_and_single_class_is_invalid" time="0.111" /><testcase classname="code.tests.test_game_tracking_audit_control" name="test_probe_cannot_fit_validation_or_missing_monitor_classes" time="0.010" /><testcase classname="code.tests.test_game_tracking_audit_control" name="test_gradient_conflict_and_zero_norm_invalid" time="0.002" /><testcase classname="code.tests.test_game_tracking_audit_control" name="test_capability_cross_rx_margin_and_collapse_counterexample" time="0.035" /><testcase classname="code.tests.test_game_tracking_audit_control" name="test_margin_missing_coverage_and_branch_interface" time="0.001" /><testcase classname="code.tests.test_game_tracking_audit_control" name="test_controller_confirmation_stale_budget_and_resume" time="0.001" /><testcase classname="code.tests.test_game_tracking_audit_control" name="test_controller_correct_and_hold_states_and_hysteresis" time="0.001" /><testcase classname="code.tests.test_game_tracking_audit_control" name="test_budget_actual_cost_window_cap_fraction_and_resume" time="0.001" /><testcase classname="code.tests.test_game_tracking_audit_control" name="test_curriculum_no_flapping_forced_upgrade_or_repeated_evidence" time="0.001" /><testcase classname="code.tests.test_game_tracking_audit_control" name="test_coverage_forbids_hidden_tx_and_reports_association" time="0.001" /><testcase classname="code.tests.test_game_tracking_audit_control" name="test_curriculum_requires_measured_finite_enter_consistency[-0.4]" time="0.001" /><testcase classname="code.tests.test_game_tracking_audit_control" name="test_curriculum_requires_measured_finite_enter_consistency[0.59]" time="0.001" /><testcase classname="code.tests.test_game_tracking_audit_control" name="test_curriculum_requires_measured_finite_enter_consistency[0.79]" time="0.001" /><testcase classname="code.tests.test_game_tracking_audit_control" name="test_curriculum_requires_measured_finite_enter_consistency[nan]" time="0.001" /><testcase classname="code.tests.test_game_tracking_audit_control" name="test_curriculum_requires_measured_finite_enter_consistency[inf]" time="0.001" /><testcase classname="code.tests.test_game_tracking_audit_control" name="test_curriculum_requires_measured_finite_enter_consistency[None]" time="0.001" /><testcase classname="code.tests.test_game_tracking_audit_control" name="test_curriculum_requires_measured_finite_enter_consistency[missing]" time="0.001" /><testcase classname="code.tests.test_game_tracking_audit_control" name="test_curriculum_consistency_hysteresis_and_resume" time="0.001" /><testcase classname="code.tests.test_game_tracking_b8_fastpath" name="test_head_gradient_scope_exact_state[True]" time="0.161" /><testcase classname="code.tests.test_game_tracking_b8_fastpath" name="test_head_gradient_scope_exact_state[False]" time="0.043" /><testcase classname="code.tests.test_game_tracking_b8_fastpath" name="test_graph_requires_objective_contract" time="0.002" /><testcase classname="code.tests.test_game_tracking_b8_fastpath" name="test_full_core_objective[False-head_grad_only-1]" time="1.070" /><testcase classname="code.tests.test_game_tracking_b8_fastpath" name="test_full_core_objective[False-head_grad_only-80]" time="1.320" /><testcase classname="code.tests.test_game_tracking_b8_fastpath" name="test_full_core_objective[False-head_grad_only-131]" time="1.705" /><testcase classname="code.tests.test_game_tracking_b8_fastpath" name="test_full_core_objective[False-graph_reuse-1]" time="1.205" /><testcase classname="code.tests.test_game_tracking_b8_fastpath" name="test_full_core_objective[False-graph_reuse-80]" time="1.426" /><testcase classname="code.tests.test_game_tracking_b8_fastpath" name="test_full_core_objective[False-graph_reuse-131]" time="1.714" /><testcase classname="code.tests.test_game_tracking_b8_fastpath" name="test_full_core_objective[True-head_grad_only-1]" time="0.922" /><testcase classname="code.tests.test_game_tracking_b8_fastpath" name="test_full_core_objective[True-head_grad_only-80]" time="1.001" /><testcase classname="code.tests.test_game_tracking_b8_fastpath" name="test_full_core_objective[True-head_grad_only-131]" time="1.233" /><testcase classname="code.tests.test_game_tracking_b8_fastpath" name="test_full_core_objective[True-graph_reuse-1]" time="0.720" /><testcase classname="code.tests.test_game_tracking_b8_fastpath" name="test_full_core_objective[True-graph_reuse-80]" time="0.955" /><testcase classname="code.tests.test_game_tracking_b8_fastpath" name="test_full_core_objective[True-graph_reuse-131]" time="1.104" /><testcase classname="code.tests.test_game_tracking_b8_fastpath" name="test_graph_existing_moments_and_failure_atomicity" time="7.315" /><testcase classname="code.tests.test_game_tracking_catchup_v2" name="test_v2_catchup_uses_combined_training_head_and_only_commits_head" time="0.392" /><testcase classname="code.tests.test_game_tracking_compat" name="test_scaler_on_torch_without_unified_amp_factory" time="0.001" /><testcase classname="code.tests.test_game_tracking_controller_v2" name="test_failed_probe_cannot_correct_or_reduce_cadence" time="0.001" /><testcase classname="code.tests.test_game_tracking_controller_v2" name="test_single_observation_one_action_survives_resume" time="0.001" /><testcase classname="code.tests.test_game_tracking_controller_v2" name="test_future_stale_or_clean_subset_gradients_do_not_correct" time="0.001" /><testcase classname="code.tests.test_game_tracking_controller_v2" name="test_budget_denial_does_not_claim_committed_action" time="0.001" /><testcase classname="code.tests.test_game_tracking_controller_v2" name="test_legacy_capability_cannot_be_wrapped_as_v2_control_evidence" time="0.001" /><testcase classname="code.tests.test_game_tracking_coordinator_v2" name="test_independent_clocks_and_resume" time="0.001" /><testcase classname="code.tests.test_game_tracking_coordinator_v2" name="test_capability_calibration_does_not_need_reliable_lag" time="0.048" /><testcase classname="code.tests.test_game_tracking_curriculum_v2" name="test_effective_continuous_policy_changes_at_each_increment" time="0.001" /><testcase classname="code.tests.test_game_tracking_curriculum_v2" name="test_capability_clock_does_not_require_lag_or_cosine_and_resumes_exactly" time="0.001" /><testcase classname="code.tests.test_game_tracking_curriculum_v2" name="test_high_cosine_random_identity_or_invalid_next_view_cannot_upgrade" time="0.001" /><testcase classname="code.tests.test_game_tracking_curriculum_v2" name="test_old_schema_cannot_silently_drive_new_curriculum" time="0.001" /><testcase classname="code.tests.test_game_tracking_curriculum_v2" name="test_v2_hysteresis_band_retains_readiness_but_cannot_enter" time="0.001" /><testcase classname="code.tests.test_game_tracking_curriculum_v2" name="test_v2_hysteresis_exit_resets_all_confirmations[identity-0.49]" time="0.001" /><testcase classname="code.tests.test_game_tracking_curriculum_v2" name="test_v2_hysteresis_exit_resets_all_confirmations[margin--0.051]" time="0.001" /><testcase classname="code.tests.test_game_tracking_curriculum_v2" name="test_v2_hysteresis_exit_resets_all_confirmations[next_identity-0.44]" time="0.001" /><testcase classname="code.tests.test_game_tracking_curriculum_v2" name="test_v2_hysteresis_respects_cooldown_and_new_evidence" time="0.001" /><testcase classname="code.tests.test_game_tracking_curriculum_v2" name="test_same_identity_head_measures_current_and_next_view_without_fitting_monitor" time="0.029" /><testcase classname="code.tests.test_game_tracking_curriculum_v2" name="test_invalid_current_view_returns_unavailable_consistency" time="0.016" /><testcase classname="code.tests.test_game_tracking_evidence_v2" name="test_near_optimal_zero_improvement_is_reliable_low" time="0.019" /><testcase classname="code.tests.test_game_tracking_evidence_v2" name="test_underfit_head_recovers_and_preserves_state" time="0.044" /><testcase classname="code.tests.test_game_tracking_evidence_v2" name="test_incomplete_budget_and_unstable_are_unknown_not_zero" time="0.017" /><testcase classname="code.tests.test_game_tracking_evidence_v2" name="test_train_mode_requires_fixed_random_state_and_surrogate_never_controls" time="0.088" /><testcase classname="code.tests.test_game_tracking_evidence_v2" name="test_schema_explicitly_rejects_v1" time="0.001" /><testcase classname="code.tests.test_game_tracking_evidence_v2" name="test_cross_tx_two_folds_and_monitor_never_selects_endpoint" time="0.066" /><testcase classname="code.tests.test_game_tracking_evidence_v2" name="test_large_lr_finite_divergence_is_failure_and_weighted_target_exact" time="0.027" /><testcase classname="code.tests.test_game_tracking_evidence_v2" name="test_monitor_changes_cannot_select_or_backprop_and_transfer_is_separate" time="0.472" /><testcase classname="code.tests.test_game_tracking_evidence_v2" name="test_training_bn_dropout_owned_copy_preserves_buffers_and_mixed_modes" time="0.019" /><testcase classname="code.tests.test_game_tracking_evidence_v2" name="test_objective_scale_zero_inactive_and_scaled_gradient_reported" time="0.035" /><testcase classname="code.tests.test_game_tracking_field" name="test_actual_local_field_signed_derivatives_and_jvp_finite_difference" time="0.171" /><testcase classname="code.tests.test_game_tracking_field" name="test_local_audit_preserves_model_buffers_gradients_flags_and_rng" time="0.027" /><testcase classname="code.tests.test_game_tracking_field" name="test_unsupported_actual_model_returns_precise_invalid_without_discard" time="0.011" /><testcase classname="code.tests.test_game_tracking_field" name="test_fishr_value_and_first_derivative_match_legacy" time="0.010" /><testcase classname="code.tests.test_game_tracking_field" name="test_fishr_second_derivative_matches_gradient_finite_difference" time="0.030" /><testcase classname="code.tests.test_game_tracking_field" name="test_response_uses_actual_displacement_and_only_final_layer_commit" time="0.025" /><testcase classname="code.tests.test_game_tracking_field" name="test_response_monitor_rejection_preserves_live_model_and_bad_delta_invalid" time="0.026" /><testcase classname="code.tests.test_game_tracking_field" name="test_response_spd_and_logit_linear_contract_fail_closed" time="0.014" /><testcase classname="code.tests.test_game_tracking_field" name="test_dynamic_target_response_preserves_first_field_and_correct_jacobian[False]" time="0.062" /><testcase classname="code.tests.test_game_tracking_field" name="test_dynamic_target_response_preserves_first_field_and_correct_jacobian[True]" time="0.035" /><testcase classname="code.tests.test_game_tracking_field" name="test_dynamic_target_no_grad_random_draws_replay_same_problem" time="0.023" /><testcase classname="code.tests.test_game_tracking_field" name="test_full_core90_field_matches_actual_grl_first_update_all_aux_fishr_and_dropout[legacy_weighted]" time="0.330" /><testcase classname="code.tests.test_game_tracking_field" name="test_full_core90_field_matches_actual_grl_first_update_all_aux_fishr_and_dropout[separate_head_scale]" time="0.318" /><testcase classname="code.tests.test_game_tracking_field" name="test_full_core90_field_jvp_agrees_with_first_field_finite_difference" time="0.813" /><testcase classname="code.tests.test_game_tracking_field" name="test_full_field_audit_fails_closed_for_unsupported_aux_operator" time="0.093" /><testcase classname="code.tests.test_game_tracking_field" name="test_real_frozen_legacy_backbone_full_field_audit" time="3.663" /><testcase classname="code.tests.test_game_tracking_integration" name="test_hidden_metadata_and_capture_grouping" time="0.219" /><testcase classname="code.tests.test_game_tracking_integration" name="test_real_core90_all_stage_terms_and_transactions[1-simultaneous]" time="2.520" /><testcase classname="code.tests.test_game_tracking_integration" name="test_real_core90_all_stage_terms_and_transactions[41-extragradient]" time="1.851" /><testcase classname="code.tests.test_game_tracking_integration" name="test_real_core90_all_stage_terms_and_transactions[80-heun]" time="1.803" /><testcase classname="code.tests.test_game_tracking_integration" name="test_real_core90_all_stage_terms_and_transactions[131-extragradient]" time="2.241" /><testcase classname="code.tests.test_game_tracking_integration" name="test_real_core90_all_stage_terms_and_transactions[200-optimistic]" time="1.191" /><testcase classname="code.tests.test_game_tracking_integration" name="test_actual_audit_preserves_training_state_and_maps_gradient_fields" time="0.819" /><testcase classname="code.tests.test_game_tracking_integration" name="test_checkpoint_initialization_permission" time="0.042" /><testcase classname="code.tests.test_game_tracking_matrix" name="test_v2_factorial_has_six_paired_rows_with_no_audit" time="0.026" /><testcase classname="code.tests.test_game_tracking_matrix" name="test_strong_source_selection_frozen_rule_and_missing_runs_deferred" time="0.062" /><testcase classname="code.tests.test_game_tracking_matrix" name="test_default_matrix_paired_seed_scratch_source_only" time="0.034" /><testcase classname="code.tests.test_game_tracking_matrix" name="test_all_configs_parse_and_replay_is_explicit" time="0.930" /><testcase classname="code.tests.test_game_tracking_matrix" name="test_evaluator_closes_all_predictions_before_truth_and_preserves_state" time="0.055" /><testcase classname="code.tests.test_game_tracking_matrix" name="test_independent_group_metrics_and_completeness" time="0.007" /><testcase classname="code.tests.test_game_tracking_matrix" name="test_prediction_artifact_negative_cases[duplicate]" time="0.006" /><testcase classname="code.tests.test_game_tracking_matrix" name="test_prediction_artifact_negative_cases[hidden_truth]" time="0.005" /><testcase classname="code.tests.test_game_tracking_matrix" name="test_prediction_artifact_negative_cases[target_id]" time="0.006" /><testcase classname="code.tests.test_game_tracking_matrix" name="test_prediction_artifact_negative_cases[nan]" time="0.005" /><testcase classname="code.tests.test_game_tracking_matrix" name="test_prediction_artifact_negative_cases[bad_class]" time="0.005" /><testcase classname="code.tests.test_game_tracking_matrix" name="test_default_physical_leo_evaluation_is_deterministic" time="0.107" /><testcase classname="code.tests.test_game_tracking_negative_controls" name="test_v2_audit_no_action_boundary_trajectory[epochs0-None]" time="5.053" /><testcase classname="code.tests.test_game_tracking_negative_controls" name="test_v2_audit_no_action_boundary_trajectory[epochs1-None]" time="7.899" /><testcase classname="code.tests.test_game_tracking_negative_controls" name="test_v2_audit_no_action_boundary_trajectory[epochs2-None]" time="7.604" /><testcase classname="code.tests.test_game_tracking_negative_controls" name="test_v2_audit_no_action_boundary_trajectory[epochs3-None]" time="9.953" /><testcase classname="code.tests.test_game_tracking_negative_controls" name="test_v2_audit_no_action_boundary_trajectory[epochs4-masks4]" time="10.976" /><testcase classname="code.tests.test_game_tracking_negative_controls" name="test_first_difference_reports_exact_state_path" time="0.001" /><testcase classname="code.tests.test_game_tracking_negative_controls" name="test_v2_runtime_checkpoint_trajectory_audit_and_disabled_actions" time="9.410" /><testcase classname="code.tests.test_game_tracking_probe_development" name="test_candidate_selection_is_frozen_source_fit_only" time="0.001" /><testcase classname="code.tests.test_game_tracking_reaudit" name="test_u_epoch_rotation_covers_pool_and_preserves_neighbors" time="0.005" /><testcase classname="code.tests.test_game_tracking_reaudit" name="test_optimistic_pseudo_history_only_resets_on_large_change" time="0.002" /><testcase classname="code.tests.test_game_tracking_reaudit" name="test_rotated_u_blocks_allow_temporal_gate_without_hidden_tx" time="0.014" /><testcase classname="code.tests.test_game_tracking_reaudit" name="test_pseudo_window_retains_history_between_observations" time="0.002" /><testcase classname="code.tests.test_game_tracking_reference_coverage" name="test_reference_balanced_covers_all_ninety_containers_without_rng_side_effect" time="0.046" /><testcase classname="code.tests.test_game_tracking_reference_coverage" name="test_reference_rejects_hidden_target_and_missing_container_metadata" time="0.002" /><testcase classname="code.tests.test_game_tracking_reference_coverage" name="test_v2_reference_uses_whole_containers_and_keeps_h1_sides_disjoint" time="0.065" /><testcase classname="code.tests.test_game_tracking_replay" name="test_replay_fixed_random_preserve_joint_action_counts" time="0.016" /><testcase classname="code.tests.test_game_tracking_replay" name="test_invalid_or_incomplete_donor_fails_closed[same_seed]" time="0.014" /><testcase classname="code.tests.test_game_tracking_replay" name="test_invalid_or_incomplete_donor_fails_closed[target]" time="0.013" /><testcase classname="code.tests.test_game_tracking_replay" name="test_invalid_or_incomplete_donor_fails_closed[missing_source_evidence]" time="0.015" /><testcase classname="code.tests.test_game_tracking_replay" name="test_invalid_or_incomplete_donor_fails_closed[partial_epoch]" time="0.012" /><testcase classname="code.tests.test_game_tracking_replay" name="test_invalid_or_incomplete_donor_fails_closed[truncated_config]" time="0.011" /><testcase classname="code.tests.test_game_tracking_replay" name="test_invalid_or_incomplete_donor_fails_closed[missing_step]" time="0.015" /><testcase classname="code.tests.test_game_tracking_replay" name="test_invalid_or_incomplete_donor_fails_closed[duplicate_step]" time="0.013" /><testcase classname="code.tests.test_game_tracking_replay" name="test_invalid_or_incomplete_donor_fails_closed[epoch_hole]" time="0.012" /><testcase classname="code.tests.test_game_tracking_replay" name="test_invalid_or_incomplete_donor_fails_closed[unknown_action]" time="0.013" /><testcase classname="code.tests.test_game_tracking_replay" name="test_invalid_or_incomplete_donor_fails_closed[bad_committed]" time="0.015" /><testcase classname="code.tests.test_game_tracking_replay" name="test_invalid_or_incomplete_donor_fails_closed[target_guard]" time="0.012" /><testcase classname="code.tests.test_game_tracking_replay" name="test_invalid_or_incomplete_donor_fails_closed[invalid_lineage]" time="0.012" /><testcase classname="code.tests.test_game_tracking_replay" name="test_invalid_or_incomplete_donor_fails_closed[missing_acceptance]" time="0.013" /><testcase classname="code.tests.test_game_tracking_replay" name="test_persisted_runtime_schedule_and_optional_curriculum_interface" time="0.025" /><testcase classname="code.tests.test_game_tracking_replay" name="test_missing_resource_cost_is_unknown_and_zero_active_schedule_valid" time="0.014" /><testcase classname="code.tests.test_game_tracking_replay" name="test_curriculum_outside_complete_horizon_is_rejected" time="0.011" /><testcase classname="code.tests.test_game_tracking_replay" name="test_v2_requires_lawful_donor_and_matching_contract" time="0.013" /><testcase classname="code.tests.test_game_tracking_replay" name="test_exposure_masks_and_phase_counts_are_realized_not_probabilities" time="0.005" /><testcase classname="code.tests.test_game_tracking_resume" name="test_epoch_checkpoint_resume_matches_uninterrupted_actual_training" time="6.950" /><testcase classname="code.tests.test_game_tracking_resume" name="test_audit_only_matches_no_audit_actual_training_trajectory" time="1.429" /><testcase classname="code.tests.test_game_tracking_runtime_audit_v2" name="test_missing_capture_cannot_claim_representative_coverage" time="0.279" /><testcase classname="code.tests.test_game_tracking_runtime_audit_v2" name="test_v2_train_head_same_target_and_no_caller_mutation" time="1.675" /><testcase classname="code.tests.test_game_tracking_runtime_audit_v2" name="test_full_objective_gradient_replay_and_head_scale_sign_equivalence" time="7.056" /><testcase classname="code.tests.test_game_tracking_runtime_audit_v2" name="test_reference_head_ce_deterioration_cannot_authorize_direction" time="3.350" /><testcase classname="code.tests.test_game_tracking_runtime_v2" name="test_v2_replay_records_requested_but_rejects_untrusted_state" time="0.001" /><testcase classname="code.tests.test_game_tracking_runtime_v2" name="test_v2_rejects_legacy_online_random_schedule" time="0.047" /><testcase classname="code.tests.test_game_tracking_runtime_v2" name="test_v2_context_records_exact_mask_seed_and_replays_received_view" time="0.142" /><testcase classname="code.tests.test_game_tracking_runtime_v2" name="test_v2_no_audit_runtime_persists_new_implementation_and_exposure" time="1.402" /><testcase classname="code.tests.test_game_tracking_runtime_v2" name="test_v2_audit_only_and_epoch_resume_preserve_actual_training" time="10.415" /><testcase classname="code.tests.test_game_tracking_runtime_v2" name="test_runtime_consumes_frozen_actual_exposure_schedule" time="0.916" /><testcase classname="code.tests.test_game_tracking_solvers" name="test_bilinear_exact_radius[simultaneous-&lt;lambda&gt;]" time="0.003" /><testcase classname="code.tests.test_game_tracking_solvers" name="test_bilinear_exact_radius[extragradient-&lt;lambda&gt;]" time="0.004" /><testcase classname="code.tests.test_game_tracking_solvers" name="test_bilinear_exact_radius[heun-&lt;lambda&gt;]" time="0.003" /><testcase classname="code.tests.test_game_tracking_solvers" name="test_adamw_predictor_uses_old_state_and_one_formal_step[extragradient]" time="0.026" /><testcase classname="code.tests.test_game_tracking_solvers" name="test_adamw_predictor_uses_old_state_and_one_formal_step[heun]" time="0.011" /><testcase classname="code.tests.test_game_tracking_solvers" name="test_adamw_predictor_uses_old_state_and_one_formal_step[head_lookahead]" time="0.010" /><testcase classname="code.tests.test_game_tracking_solvers" name="test_shared_parameters_have_one_owner_and_inactive_grad_none" time="0.005" /><testcase classname="code.tests.test_game_tracking_solvers" name="test_bn_and_dropout_replay_commit_entire_first_closure_only" time="0.022" /><testcase classname="code.tests.test_game_tracking_solvers" name="test_nonfinite_corrector_rolls_back_weights_moments_buffers_rng" time="0.007" /><testcase classname="code.tests.test_game_tracking_solvers" name="test_optimistic_resume_and_reset" time="0.010" /><testcase classname="code.tests.test_game_tracking_solvers" name="test_alternating_updates_head_once_preserves_encoder_input_gradient" time="0.003" /><testcase classname="code.tests.test_game_tracking_solvers" name="test_explicit_jacobian_bilinear_and_finite_difference" time="0.002" /><testcase classname="code.tests.test_game_tracking_solvers" name="test_implicit_response_matches_regularized_linear_solution" time="0.002" /><testcase classname="code.tests.test_game_tracking_solvers" name="test_response_non_pd_and_budget_fallback" time="0.001" /><testcase classname="code.tests.test_game_tracking_solvers" name="test_scaler_growth_once_and_atomic_backoff" time="0.008" /><testcase classname="code.tests.test_game_tracking_solvers" name="test_frozen_head_keeps_input_derivative" time="0.003" /><testcase classname="code.tests.test_game_tracking_solvers" name="test_plain_mode_matches_native_adamw_update" time="0.010" /><testcase classname="code.tests.test_game_tracking_solvers" name="test_alternating_linear_map_unit_determinant_and_bounded_eigenvalues" time="0.073" /><testcase classname="code.tests.test_game_tracking_solvers" name="test_full_predictor_cannot_silently_exclude_head" time="0.002" /></testsuite></testsuites>